[2018-02-16 21:34:58] START
[2018-02-16 22:28:55] CREATE db1.py: 0
[2018-02-16 22:30:43] EDIT app2/models/db1.py: 1
[2018-02-16 22:43:47] EDIT app2/models/db1.py: 3
[2018-02-16 22:44:05] EDIT app2/models/db1.py: 0
[2018-02-16 22:45:25] EDIT app2/models/db1.py: 0
[2018-02-16 23:12:00] EDIT app2/controllers/default.py: 0
[2018-02-16 23:13:12] EDIT app2/controllers/default.py: 0
[2018-02-16 23:13:53] EDIT app2/views/default/index.html: -33
[2018-02-16 23:14:27] EDIT app2/controllers/default.py: 0
[2018-02-16 23:14:27] EDIT app2/controllers/default.py: 0
[2018-02-16 23:14:28] EDIT app2/controllers/default.py: 0
[2018-02-16 23:15:02] EDIT app2/controllers/default.py: 0
[2018-02-16 23:18:14] EDIT app2/controllers/default.py: 1
[2018-02-16 23:20:11] EDIT app2/controllers/default.py: 0
[2018-02-16 23:21:35] EDIT app2/views/default/index.html: 4
[2018-02-16 23:21:35] EDIT app2/views/default/index.html: 0
[2018-02-16 23:21:55] EDIT app2/views/default/index.html: 0
[2018-02-16 23:27:43] EDIT app2/views/default/index.html: 3
[2018-02-16 23:28:01] EDIT app2/views/default/index.html: 0
[2018-02-16 23:28:27] EDIT app2/views/default/index.html: 2
[2018-02-16 23:29:24] EDIT app2/views/default/index.html: 2
[2018-02-16 23:29:24] EDIT app2/views/default/index.html: 0
[2018-02-16 23:30:41] EDIT app2/views/default/index.html: 0
[2018-02-16 23:30:41] EDIT app2/views/default/index.html: 0
[2018-02-16 23:31:53] EDIT app2/views/default/index.html: 0
[2018-02-16 23:32:25] EDIT app2/views/default/index.html: 0
[2018-02-16 23:32:25] EDIT app2/views/default/index.html: 0
[2018-02-16 23:32:55] EDIT app2/views/default/index.html: -2
[2018-02-16 23:32:55] EDIT app2/views/default/index.html: 0
[2018-02-16 23:33:36] EDIT app2/views/default/index.html: 2
[2018-02-16 23:33:36] EDIT app2/views/default/index.html: 0
[2018-02-16 23:33:36] EDIT app2/views/default/index.html: 0
[2018-02-16 23:34:00] EDIT app2/views/default/index.html: 1
[2018-02-16 23:34:00] EDIT app2/views/default/index.html: 0
[2018-02-16 23:39:12] EDIT app2/controllers/default.py: 2
[2018-02-16 23:39:29] EDIT app2/controllers/default.py: 1
[2018-02-16 23:40:31] EDIT app2/controllers/default.py: 0
[2018-02-16 23:47:12] EDIT app2/controllers/default.py: 0
[2018-02-16 23:50:00] EDIT app2/views/default/index.html: 0
[2018-02-16 23:50:06] EDIT app2/views/default/index.html: 0
[2018-02-16 23:50:52] EDIT app2/views/default/index.html: 0
[2018-02-16 23:50:52] EDIT app2/views/default/index.html: 0
[2018-02-17 00:08:17] CREATE default/show.html: 0
[2018-02-17 00:11:08] EDIT app2/views/default/show.html: 5
[2018-02-17 00:11:08] EDIT app2/views/default/show.html: 0
[2018-02-17 00:11:09] EDIT app2/views/default/show.html: 0
[2018-02-17 00:22:35] EDIT app2/controllers/default.py: 2
[2018-02-17 00:22:58] CREATE default/create.html: 0
[2018-02-17 00:23:57] EDIT app2/views/default/create.html: 2
[2018-02-17 00:24:04] EDIT app2/views/default/create.html: 0
[2018-02-17 00:25:02] EDIT app2/controllers/default.py: 0
[2018-02-17 00:25:02] EDIT app2/controllers/default.py: 0
[2018-02-17 00:25:30] EDIT app2/controllers/default.py: 0
[2018-02-17 00:26:23] EDIT app2/views/default/create.html: 0
[2018-02-17 00:26:32] EDIT app2/views/default/create.html: 0
[2018-02-17 00:29:20] EDIT app2/controllers/default.py: 1
[2018-02-17 00:35:22] EDIT app2/models/menu.py: 1
[2018-02-17 00:35:22] EDIT app2/models/menu.py: 0
[2018-02-17 00:35:22] EDIT app2/models/menu.py: 0
[2018-02-17 00:35:50] EDIT app2/models/menu.py: 0
[2018-02-17 00:35:59] EDIT app2/models/menu.py: 0
[2018-02-17 00:36:26] EDIT app2/models/menu.py: 0
[2018-02-17 00:36:31] EDIT app2/models/menu.py: -1
[2018-02-17 00:38:04] EDIT app2/models/menu.py: 1
[2018-02-17 00:38:09] EDIT app2/models/menu.py: 0
[2018-02-17 00:39:14] EDIT app2/models/menu.py: 0
[2018-02-17 00:43:39] EDIT app2/controllers/default.py: 2
[2018-02-17 00:47:43] EDIT app2/views/default/create.html: 0
[2018-02-17 00:48:44] EDIT app2/views/default/index.html: -4
[2018-02-17 00:48:44] EDIT app2/views/default/index.html: 0
[2018-02-17 00:48:44] EDIT app2/views/default/index.html: 0
[2018-02-17 00:50:17] EDIT app2/views/default/index.html: 0
[2018-02-17 00:50:17] EDIT app2/views/default/index.html: 0
[2018-02-17 00:51:02] EDIT app2/controllers/default.py: -2
[2018-02-17 00:51:03] EDIT app2/controllers/default.py: 0
[2018-02-17 00:51:59] EDIT app2/controllers/default.py: 0
[2018-02-17 00:51:59] EDIT app2/controllers/default.py: 0
[2018-02-17 00:54:00] EDIT app2/models/menu.py: 0
[2018-02-17 00:54:00] EDIT app2/models/menu.py: 0
[2018-02-17 00:54:00] EDIT app2/models/menu.py: 0
[2018-02-17 00:55:51] EDIT app2/controllers/default.py: 2
[2018-02-17 00:56:00] EDIT app2/controllers/default.py: 0
[2018-02-17 00:57:03] EDIT app2/controllers/default.py: 2
[2018-02-17 00:57:41] EDIT app2/controllers/default.py: 1
[2018-02-17 00:57:50] EDIT app2/controllers/default.py: 0
[2018-02-17 01:00:16] EDIT app2/controllers/default.py: 0
[2018-02-17 01:00:16] EDIT app2/controllers/default.py: 0
[2018-02-17 01:01:29] EDIT app2/controllers/default.py: 0
[2018-02-17 01:01:29] EDIT app2/controllers/default.py: 0
[2018-02-17 01:02:31] EDIT app2/controllers/default.py: -1
[2018-02-17 01:02:31] EDIT app2/controllers/default.py: 0
[2018-02-17 01:02:31] EDIT app2/controllers/default.py: 0
[2018-02-17 01:02:40] EDIT app2/controllers/default.py: 0
[2018-02-17 01:02:40] EDIT app2/controllers/default.py: 0
[2018-02-17 14:17:02] EDIT app2/controllers/default.py: 3
[2018-02-17 14:18:05] EDIT app2/controllers/default.py: 0
[2018-02-17 14:18:06] EDIT app2/controllers/default.py: 0
[2018-02-17 14:27:12] EDIT app2/controllers/default.py: 1
[2018-02-17 19:45:38] EDIT app2/models/db1.py: 0
[2018-02-17 19:45:38] EDIT app2/models/db1.py: 0
[2018-02-17 19:48:20] EDIT app2/views/default/show.html: 0
[2018-02-17 19:52:29] EDIT app2/views/default/show.html: 0
[2018-02-17 19:52:34] EDIT app2/views/default/index.html: 0
[2018-02-17 19:55:50] EDIT app2/models/db1.py: 3
[2018-02-17 19:57:02] EDIT app2/models/db1.py: 0
[2018-02-17 19:57:02] EDIT app2/models/db1.py: 0
[2018-02-17 20:06:47] EDIT app2/models/db1.py: -3
[2018-02-17 20:06:47] EDIT app2/models/db1.py: 0
[2018-02-17 20:06:47] EDIT app2/models/db1.py: 0
[2018-02-17 20:07:54] EDIT app2/views/default/index.html: 0
[2018-02-17 20:07:54] EDIT app2/views/default/index.html: 0
[2018-02-17 21:07:24] EDIT app2/models/db1.py: 0
[2018-02-18 12:10:14] EDIT app2/views/default/show.html: 0
[2018-02-18 12:10:14] EDIT app2/views/default/show.html: 0
[2018-02-18 12:11:36] EDIT app2/controllers/default.py: 0
[2018-02-18 12:11:37] EDIT app2/controllers/default.py: 0
[2018-02-18 12:11:37] EDIT app2/controllers/default.py: 0
[2018-02-18 12:15:13] EDIT app2/views/default/show.html: 0
[2018-02-18 12:15:13] EDIT app2/views/default/show.html: 0
[2018-02-18 12:16:25] EDIT app2/views/default/show.html: 0
[2018-02-18 12:19:02] EDIT app2/views/default/show.html: 0
[2018-02-18 12:19:03] EDIT app2/views/default/show.html: 0
[2018-02-18 12:19:32] EDIT app2/views/default/show.html: 0
[2018-02-18 12:27:07] EDIT app2/controllers/default.py: 1
[2018-02-18 12:27:07] EDIT app2/controllers/default.py: 0
[2018-02-18 12:27:07] EDIT app2/controllers/default.py: 0
[2018-02-18 12:27:57] EDIT app2/controllers/default.py: 0
[2018-02-18 12:27:57] EDIT app2/controllers/default.py: 0
[2018-02-18 12:27:57] EDIT app2/controllers/default.py: 0
[2018-02-18 12:29:26] EDIT app2/views/default/show.html: 0
[2018-02-18 12:36:12] EDIT app2/views/default/show.html: 0
[2018-02-18 12:36:12] EDIT app2/views/default/show.html: 0
[2018-02-18 12:36:12] EDIT app2/views/default/show.html: 0
[2018-02-18 12:40:16] EDIT app2/views/default/show.html: 0
[2018-02-18 12:58:26] EDIT app2/models/menu.py: 2
[2018-02-18 12:58:26] EDIT app2/models/menu.py: 0
[2018-02-18 12:59:50] EDIT app2/models/menu.py: 0
[2018-02-18 12:59:51] EDIT app2/models/menu.py: 0
[2018-02-18 13:00:05] EDIT app2/models/menu.py: 0
[2018-02-18 13:01:07] EDIT app2/models/menu.py: 2
[2018-02-18 13:01:08] EDIT app2/models/menu.py: 0
[2018-02-18 13:10:02] EDIT app2/views/layout.html: 0
[2018-02-18 13:43:03] EDIT app2/controllers/default.py: 2
[2018-02-18 13:43:14] EDIT app2/controllers/default.py: 0
[2018-02-18 13:53:25] EDIT app2/models/db1.py: 4
[2018-02-18 13:53:25] EDIT app2/models/db1.py: 0
[2018-02-18 13:53:29] EDIT app2/models/db1.py: 0
[2018-02-18 13:53:49] EDIT app2/models/db1.py: 0
[2018-02-18 13:53:56] EDIT app2/models/db1.py: 0
[2018-02-18 13:54:18] EDIT app2/models/db1.py: 0
[2018-02-18 13:56:19] EDIT app2/models/db1.py: 0
[2018-02-18 13:56:20] EDIT app2/models/db1.py: 0
[2018-02-18 13:56:20] EDIT app2/models/db1.py: 0
[2018-02-18 13:58:01] EDIT app2/models/db1.py: 0
[2018-02-18 14:01:36] EDIT app2/controllers/default.py: 4
[2018-02-18 14:01:36] EDIT app2/controllers/default.py: 0
[2018-02-18 14:02:48] EDIT app2/controllers/default.py: 0
[2018-02-18 14:02:48] EDIT app2/controllers/default.py: 0
[2018-02-18 14:03:57] EDIT app2/controllers/default.py: 1
[2018-02-18 14:04:00] EDIT app2/controllers/default.py: 0
[2018-02-18 14:04:54] EDIT app2/views/default/show.html: 0
[2018-02-18 14:06:26] EDIT app2/views/default/show.html: 0
[2018-02-18 14:07:39] EDIT app2/views/default/show.html: 0
[2018-02-18 14:07:42] EDIT app2/views/default/show.html: 0
[2018-02-18 14:08:55] EDIT app2/controllers/default.py: 0
[2018-02-18 14:15:26] EDIT app2/views/default/show.html: 5
[2018-02-18 14:15:26] EDIT app2/views/default/show.html: 0
[2018-02-18 14:16:36] EDIT app2/views/default/show.html: 2
[2018-02-18 14:16:36] EDIT app2/views/default/show.html: 0
[2018-02-18 14:18:25] EDIT app2/views/default/show.html: -7
[2018-02-18 14:18:25] EDIT app2/views/default/show.html: 0
[2018-02-18 14:18:25] EDIT app2/views/default/show.html: 0
[2018-02-18 14:18:26] EDIT app2/views/default/show.html: 0
[2018-02-18 14:19:18] EDIT app2/models/db1.py: 0
[2018-02-18 14:20:00] EDIT app2/models/db1.py: 0
[2018-02-18 14:20:00] EDIT app2/models/db1.py: 0
[2018-02-18 14:20:00] EDIT app2/models/db1.py: 0
[2018-02-18 14:24:08] EDIT app2/views/default/show.html: 5
[2018-02-18 14:24:30] EDIT app2/views/default/show.html: -1
[2018-02-18 14:24:44] EDIT app2/views/default/show.html: 1
[2018-02-18 14:25:14] EDIT app2/views/default/show.html: 0
[2018-02-18 14:25:46] EDIT app2/views/default/show.html: 0
[2018-02-18 14:25:54] EDIT app2/views/default/show.html: 0
[2018-02-18 14:26:00] EDIT app2/views/default/show.html: 0
[2018-02-18 14:26:24] EDIT app2/views/default/show.html: 0
[2018-02-18 14:26:25] EDIT app2/views/default/show.html: 0
[2018-02-18 14:27:01] EDIT app2/views/default/show.html: -1
[2018-02-18 14:27:02] EDIT app2/views/default/show.html: 0
[2018-02-18 14:27:02] EDIT app2/views/default/show.html: 0
[2018-02-18 14:27:30] EDIT app2/views/default/show.html: 1
[2018-02-18 14:27:30] EDIT app2/views/default/show.html: 0
[2018-02-18 14:27:59] EDIT app2/views/default/show.html: -1
[2018-02-18 14:27:59] EDIT app2/views/default/show.html: 0
[2018-02-18 14:28:04] EDIT app2/views/default/show.html: 0
[2018-02-18 14:29:06] EDIT app2/views/default/show.html: 0
[2018-02-18 14:29:06] EDIT app2/views/default/show.html: 0
[2018-02-18 14:29:38] EDIT app2/views/default/show.html: 0
[2018-02-18 14:29:38] EDIT app2/views/default/show.html: 0
[2018-02-18 14:29:38] EDIT app2/views/default/show.html: 0
[2018-02-18 14:29:45] EDIT app2/views/default/show.html: 0
[2018-02-18 14:30:19] EDIT app2/views/default/show.html: -2
[2018-02-18 14:30:19] EDIT app2/views/default/show.html: 0
[2018-02-18 14:30:19] EDIT app2/views/default/show.html: 0
[2018-02-18 14:33:33] EDIT app2/views/default/show.html: 4
[2018-02-18 14:33:33] EDIT app2/views/default/show.html: 0
[2018-02-18 14:33:52] EDIT app2/views/default/show.html: 0
[2018-02-18 14:34:04] EDIT app2/views/default/show.html: 0
[2018-02-18 14:34:05] EDIT app2/views/default/show.html: 0
[2018-02-18 14:35:44] EDIT app2/controllers/default.py: 1
[2018-02-18 14:35:45] EDIT app2/controllers/default.py: 0
[2018-02-18 14:37:07] EDIT app2/views/default/show.html: 2
[2018-02-18 14:37:08] EDIT app2/views/default/show.html: 0
[2018-02-18 14:37:08] EDIT app2/views/default/show.html: 0
[2018-02-18 14:37:08] EDIT app2/views/default/show.html: 0
[2018-02-18 14:38:09] EDIT app2/views/default/show.html: 0
[2018-02-18 14:38:09] EDIT app2/views/default/show.html: 0
[2018-02-18 14:38:27] EDIT app2/views/default/show.html: 2
[2018-02-18 14:38:27] EDIT app2/views/default/show.html: 0
[2018-02-18 14:38:28] EDIT app2/views/default/show.html: 0
[2018-02-18 14:39:00] EDIT app2/views/default/show.html: 0
[2018-02-18 14:39:01] EDIT app2/views/default/show.html: 0
[2018-02-18 14:39:32] EDIT app2/views/default/show.html: 0
[2018-02-18 14:39:32] EDIT app2/views/default/show.html: 0
[2018-02-18 14:40:34] EDIT app2/controllers/default.py: 0
[2018-02-18 14:40:34] EDIT app2/controllers/default.py: 0
[2018-02-18 14:44:57] EDIT app2/views/default/show.html: 0
[2018-02-18 14:44:57] EDIT app2/views/default/show.html: 0
[2018-02-18 14:44:57] EDIT app2/views/default/show.html: 0
[2018-02-18 14:46:46] EDIT app2/views/default/show.html: 0
[2018-02-18 14:46:46] EDIT app2/views/default/show.html: 0
[2018-02-18 14:46:47] EDIT app2/views/default/show.html: 0
[2018-02-18 14:46:47] EDIT app2/views/default/show.html: 0
[2018-02-18 14:48:56] EDIT app2/views/default/show.html: 0
[2018-02-18 14:48:56] EDIT app2/views/default/show.html: 0
[2018-02-18 14:48:57] EDIT app2/views/default/show.html: 0
[2018-02-18 14:49:23] EDIT app2/views/default/show.html: 0
[2018-02-18 14:49:59] EDIT app2/views/default/show.html: 0
[2018-02-18 14:50:19] EDIT app2/views/default/show.html: 1
[2018-02-18 14:50:19] EDIT app2/views/default/show.html: 0
[2018-02-18 14:50:34] EDIT app2/views/default/show.html: 0
[2018-02-18 14:50:34] EDIT app2/views/default/show.html: 0
[2018-02-18 14:50:48] EDIT app2/views/default/show.html: 0
[2018-02-18 14:50:48] EDIT app2/views/default/show.html: 0
[2018-02-18 14:51:40] EDIT app2/views/default/show.html: 3
[2018-02-18 14:51:41] EDIT app2/views/default/show.html: 0
[2018-02-18 14:52:02] EDIT app2/views/default/show.html: 0
[2018-02-18 14:52:02] EDIT app2/views/default/show.html: 0
[2018-02-18 15:26:00] EDIT app2/controllers/default.py: 0
[2018-02-18 15:26:00] EDIT app2/controllers/default.py: 0
[2018-02-18 15:26:00] EDIT app2/controllers/default.py: 0
[2018-02-18 15:28:11] EDIT app2/views/default/show.html: 0
[2018-02-18 15:28:21] EDIT app2/views/default/show.html: 0
[2018-02-18 15:28:57] EDIT app2/views/default/show.html: 0
[2018-02-18 15:29:06] EDIT app2/views/default/show.html: 0
[2018-02-18 15:29:06] EDIT app2/views/default/show.html: 0
[2018-02-18 17:20:21] EDIT app2/views/default/show.html: 0
[2018-02-24 23:18:26] EDIT app2/views/default/index.html.1: -14
[2018-02-24 23:18:26] EDIT app2/views/default/index.html.1: 0
[2018-02-24 23:20:46] DELETE app2/views/default/index.html.1.1: 0
[2018-02-24 23:20:57] DELETE app2/views/default/index.html.1: 0
[2018-02-24 23:22:09] EDIT app2/views/default/show.html: 0
[2018-02-24 23:24:01] DELETE app2/views/default/show.html.1: -22
[2018-03-29 19:47:04] EDIT app2/views/layout.html: 0
[2018-03-29 19:59:04] EDIT app2/views/default/index.html: 1
[2018-03-29 20:00:20] EDIT app2/views/default/index.html: 0
[2018-03-29 20:01:32] EDIT app2/views/default/index.html: 1
[2018-03-29 20:03:13] EDIT app2/views/default/index.html: 0
[2018-03-29 20:19:35] EDIT app2/views/layout.html: 0
[2018-03-29 20:23:46] EDIT app2/views/layout.html: 0
[2018-03-29 20:24:04] EDIT app2/views/layout.html: 0
[2018-03-29 20:32:34] EDIT app2/models/db1.py: 1
[2018-03-29 20:34:05] EDIT app2/views/default/show.html: 3
[2018-03-29 20:34:30] EDIT app2/views/default/show.html: 0
[2018-03-29 20:44:15] EDIT app2/views/default/show.html: 0
[2018-03-29 20:46:06] EDIT app2/views/default/show.html: 0
[2018-03-29 20:46:28] EDIT app2/views/default/show.html: 0
